<?xml version="1.0" encoding="UTF-8"?>
<testsuite name="io.github.migthguy.HelloWorldTest" tests="1" skipped="0" failures="0" errors="0" timestamp="2021-02-20T18:49:39" hostname="MacBook-Pro.local" time="0.006">
  <properties/>
  <testcase name="testsortList" classname="io.github.migthguy.HelloWorldTest" time="0.006"/>
  <system-out><![CDATA[]]></system-out>
  <system-err><![CDATA[]]></system-err>
</testsuite>
